[0.196s] Invoking command in '/home/agv2/myagv_ws_proto/src/build/apriltag_ros': CMAKE_PREFIX_PATH=/opt/ros/humble /usr/bin/cmake /home/agv2/myagv_ws_proto/src/apriltag_ros -DAMENT_CMAKE_SYMLINK_INSTALL=1 -DCMAKE_INSTALL_PREFIX=/home/agv2/myagv_ws_proto/src/install/apriltag_ros
[4.336s] -- The C compiler identification is GNU 11.4.0
[4.338s] -- The CXX compiler identification is GNU 11.4.0
[4.339s] -- Detecting C compiler ABI info
[4.339s] -- Detecting C compiler ABI info - done
[4.339s] -- Check for working C compiler: /usr/bin/cc - skipped
[4.340s] -- Detecting C compile features
[4.340s] -- Detecting C compile features - done
[4.340s] -- Detecting CXX compiler ABI info
[4.340s] -- Detecting CXX compiler ABI info - done
[4.341s] -- Check for working CXX compiler: /usr/bin/c++ - skipped
[4.341s] -- Detecting CXX compile features
[4.341s] -- Detecting CXX compile features - done
[4.341s] -- Found rclcpp: 16.0.9 (/opt/ros/humble/share/rclcpp/cmake)
[4.342s] -- Found Python3: /usr/bin/python3 (found version "3.10.12") found components: Interpreter 
[4.342s] -- Override CMake install command with custom implementation using symlinks instead of copying resources
[4.405s] -- Found rosidl_generator_c: 3.1.5 (/opt/ros/humble/share/rosidl_generator_c/cmake)
[4.464s] -- Found rosidl_adapter: 3.1.5 (/opt/ros/humble/share/rosidl_adapter/cmake)
[4.544s] -- Found rosidl_generator_cpp: 3.1.5 (/opt/ros/humble/share/rosidl_generator_cpp/cmake)
[4.662s] -- Using all available rosidl_typesupport_c: rosidl_typesupport_fastrtps_c;rosidl_typesupport_introspection_c
[4.860s] -- Using all available rosidl_typesupport_cpp: rosidl_typesupport_fastrtps_cpp;rosidl_typesupport_introspection_cpp
[5.792s] -- Found rmw_implementation_cmake: 6.1.2 (/opt/ros/humble/share/rmw_implementation_cmake/cmake)
[5.816s] -- Found rmw_fastrtps_cpp: 6.2.6 (/opt/ros/humble/share/rmw_fastrtps_cpp/cmake)
[6.745s] -- Found OpenSSL: /usr/lib/aarch64-linux-gnu/libcrypto.so (found version "3.0.2")  
[7.315s] -- Found FastRTPS: /opt/ros/humble/include  
[8.357s] -- Using RMW implementation 'rmw_fastrtps_cpp' as default
[8.519s] -- Looking for pthread.h
[9.447s] -- Looking for pthread.h - found
[9.447s] -- Performing Test CMAKE_HAVE_LIBC_PTHREAD
[10.187s] -- Performing Test CMAKE_HAVE_LIBC_PTHREAD - Success
[10.207s] -- Found Threads: TRUE  
[11.898s] -- Found rclcpp_components: 16.0.9 (/opt/ros/humble/share/rclcpp_components/cmake)
[12.353s] -- Found sensor_msgs: 4.2.4 (/opt/ros/humble/share/sensor_msgs/cmake)
[13.479s] -- Found apriltag_msgs: 2.0.1 (/opt/ros/humble/share/apriltag_msgs/cmake)
[14.168s] -- Found tf2_ros: 0.25.7 (/opt/ros/humble/share/tf2_ros/cmake)
[18.115s] -- Found image_transport: 3.1.9 (/opt/ros/humble/share/image_transport/cmake)
[18.427s] -- Found cv_bridge: 3.2.1 (/opt/ros/humble/share/cv_bridge/cmake)
[18.632s] -- Found OpenCV: /usr (found version "4.5.4") found components: core calib3d 
[18.813s] -- Configuring incomplete, errors occurred!
[18.814s] See also "/home/agv2/myagv_ws_proto/src/build/apriltag_ros/CMakeFiles/CMakeOutput.log".
[18.823s] [31mCMake Error at CMakeLists.txt:45 (find_package):
[18.825s]   By not providing "Findapriltag.cmake" in CMAKE_MODULE_PATH this project has
[18.827s]   asked CMake to find a package configuration file provided by "apriltag",
[18.827s]   but CMake did not find one.
[18.828s] 
[18.829s]   Could not find a package configuration file provided by "apriltag"
[18.830s]   (requested version 3.2) with any of the following names:
[18.839s] 
[18.839s]     apriltagConfig.cmake
[18.840s]     apriltag-config.cmake
[18.841s] 
[18.842s]   Add the installation prefix of "apriltag" to CMAKE_PREFIX_PATH or set
[18.844s]   "apriltag_DIR" to a directory containing one of the above files.  If
[18.845s]   "apriltag" provides a separate development package or SDK, be sure it has
[18.855s]   been installed.
[18.864s] 
[18.866s] [0m
[22.527s] Invoked command in '/home/agv2/myagv_ws_proto/src/build/apriltag_ros' returned '1': CMAKE_PREFIX_PATH=/opt/ros/humble /usr/bin/cmake /home/agv2/myagv_ws_proto/src/apriltag_ros -DAMENT_CMAKE_SYMLINK_INSTALL=1 -DCMAKE_INSTALL_PREFIX=/home/agv2/myagv_ws_proto/src/install/apriltag_ros
