[0.199s] Invoking command in '/home/agv2/myagv_ws_proto/src/build/apriltag_ros': CMAKE_PREFIX_PATH=/opt/ros/humble /usr/bin/cmake /home/agv2/myagv_ws_proto/src/apriltag_ros -DCMAKE_INSTALL_PREFIX=/home/agv2/myagv_ws_proto/src/install/apriltag_ros
[3.304s] -- Found rclcpp: 16.0.9 (/opt/ros/humble/share/rclcpp/cmake)
[3.307s] -- Override CMake install command with custom implementation using symlinks instead of copying resources
[3.311s] -- Found rosidl_generator_c: 3.1.5 (/opt/ros/humble/share/rosidl_generator_c/cmake)
[3.312s] -- Found rosidl_adapter: 3.1.5 (/opt/ros/humble/share/rosidl_adapter/cmake)
[3.312s] -- Found rosidl_generator_cpp: 3.1.5 (/opt/ros/humble/share/rosidl_generator_cpp/cmake)
[3.312s] -- Using all available rosidl_typesupport_c: rosidl_typesupport_fastrtps_c;rosidl_typesupport_introspection_c
[3.313s] -- Using all available rosidl_typesupport_cpp: rosidl_typesupport_fastrtps_cpp;rosidl_typesupport_introspection_cpp
[3.313s] -- Found rmw_implementation_cmake: 6.1.2 (/opt/ros/humble/share/rmw_implementation_cmake/cmake)
[3.313s] -- Found rmw_fastrtps_cpp: 6.2.6 (/opt/ros/humble/share/rmw_fastrtps_cpp/cmake)
[3.314s] -- Using RMW implementation 'rmw_fastrtps_cpp' as default
[3.429s] -- Found rclcpp_components: 16.0.9 (/opt/ros/humble/share/rclcpp_components/cmake)
[3.785s] -- Found sensor_msgs: 4.2.4 (/opt/ros/humble/share/sensor_msgs/cmake)
[4.455s] -- Found apriltag_msgs: 2.0.1 (/opt/ros/humble/share/apriltag_msgs/cmake)
[4.679s] -- Found tf2_ros: 0.25.7 (/opt/ros/humble/share/tf2_ros/cmake)
[6.258s] -- Found image_transport: 3.1.9 (/opt/ros/humble/share/image_transport/cmake)
[6.541s] -- Found cv_bridge: 3.2.1 (/opt/ros/humble/share/cv_bridge/cmake)
[6.897s] [31mCMake Error at CMakeLists.txt:45 (find_package):
[6.899s]   By not providing "Findapriltag.cmake" in CMAKE_MODULE_PATH this project has
[6.900s]   asked CMake to find a package configuration file provided by "apriltag",
[6.908s]   but CMake did not find one.
[6.909s] 
[6.926s]   Could not find a package configuration file provided by "apriltag"
[6.931s]   (requested version 3.2) with any of the following names:
[6.936s] 
[6.937s]     apriltagConfig.cmake
[6.938s]     apriltag-config.cmake
[6.938s] 
[6.961s]   Add the installation prefix of "apriltag" to CMAKE_PREFIX_PATH or set
[6.961s]   "apriltag_DIR" to a directory containing one of the above files.  If
[6.963s]   "apriltag" provides a separate development package or SDK, be sure it has
[6.963s]   been installed.
[6.964s] 
[6.965s] [0m
[6.971s] -- Configuring incomplete, errors occurred!
[6.980s] See also "/home/agv2/myagv_ws_proto/src/build/apriltag_ros/CMakeFiles/CMakeOutput.log".
[9.123s] Invoked command in '/home/agv2/myagv_ws_proto/src/build/apriltag_ros' returned '1': CMAKE_PREFIX_PATH=/opt/ros/humble /usr/bin/cmake /home/agv2/myagv_ws_proto/src/apriltag_ros -DCMAKE_INSTALL_PREFIX=/home/agv2/myagv_ws_proto/src/install/apriltag_ros
