[7.864s] Invoking command in '/home/agv2/myagv_ws_proto/src/build/myagv_communication': PYTHONPATH=/home/agv2/myagv_ws_proto/src/build/myagv_communication/prefix_override:/usr/lib/python3/dist-packages/colcon_core/task/python/colcon_distutils_commands:/home/agv2/myagv_ws_proto/src/install/myagv_communication/lib/python3.10/site-packages:${PYTHONPATH} /usr/bin/python3 -W ignore:setup.py install is deprecated setup.py develop --editable --build-directory /home/agv2/myagv_ws_proto/src/build/myagv_communication/build --no-deps symlink_data
[12.963s] running develop
[16.867s] running egg_info
[16.873s] creating myagv_communication.egg-info
[16.880s] writing myagv_communication.egg-info/PKG-INFO
[16.887s] writing dependency_links to myagv_communication.egg-info/dependency_links.txt
[16.899s] writing entry points to myagv_communication.egg-info/entry_points.txt
[16.906s] writing requirements to myagv_communication.egg-info/requires.txt
[16.908s] writing top-level names to myagv_communication.egg-info/top_level.txt
[16.922s] writing manifest file 'myagv_communication.egg-info/SOURCES.txt'
[16.963s] reading manifest file 'myagv_communication.egg-info/SOURCES.txt'
[16.982s] writing manifest file 'myagv_communication.egg-info/SOURCES.txt'
[17.003s] running build_ext
[17.005s] Creating /home/agv2/myagv_ws_proto/src/install/myagv_communication/lib/python3.10/site-packages/myagv-communication.egg-link (link to .)
[17.032s] Installing diff_drive_controller_node script to /home/agv2/myagv_ws_proto/src/install/myagv_communication/lib/myagv_communication
[17.033s] Installing move_control_node script to /home/agv2/myagv_ws_proto/src/install/myagv_communication/lib/myagv_communication
[17.034s] Installing odometry_node script to /home/agv2/myagv_ws_proto/src/install/myagv_communication/lib/myagv_communication
[17.036s] Installing pd_control_node script to /home/agv2/myagv_ws_proto/src/install/myagv_communication/lib/myagv_communication
[17.051s] Installing serial script to /home/agv2/myagv_ws_proto/src/install/myagv_communication/lib/myagv_communication
[17.051s] Installing testpd_node script to /home/agv2/myagv_ws_proto/src/install/myagv_communication/lib/myagv_communication
[17.055s] 
[17.056s] Installed /home/agv2/myagv_ws_proto/src/build/myagv_communication
[17.075s] running symlink_data
[17.076s] creating /home/agv2/myagv_ws_proto/src/install/myagv_communication/share/ament_index
[17.076s] creating /home/agv2/myagv_ws_proto/src/install/myagv_communication/share/ament_index/resource_index
[17.077s] creating /home/agv2/myagv_ws_proto/src/install/myagv_communication/share/ament_index/resource_index/packages
[17.077s] symbolically linking /home/agv2/myagv_ws_proto/src/build/myagv_communication/resource/myagv_communication -> /home/agv2/myagv_ws_proto/src/install/myagv_communication/share/ament_index/resource_index/packages
[17.087s] symbolically linking /home/agv2/myagv_ws_proto/src/build/myagv_communication/package.xml -> /home/agv2/myagv_ws_proto/src/install/myagv_communication/share/myagv_communication
[17.088s] creating /home/agv2/myagv_ws_proto/src/install/myagv_communication/share/myagv_communication/launch
[17.088s] symbolically linking /home/agv2/myagv_ws_proto/src/build/myagv_communication/launch/myagv_communication.launch.py -> /home/agv2/myagv_ws_proto/src/install/myagv_communication/share/myagv_communication/launch
[17.819s] Invoked command in '/home/agv2/myagv_ws_proto/src/build/myagv_communication' returned '0': PYTHONPATH=/home/agv2/myagv_ws_proto/src/build/myagv_communication/prefix_override:/usr/lib/python3/dist-packages/colcon_core/task/python/colcon_distutils_commands:/home/agv2/myagv_ws_proto/src/install/myagv_communication/lib/python3.10/site-packages:${PYTHONPATH} /usr/bin/python3 -W ignore:setup.py install is deprecated setup.py develop --editable --build-directory /home/agv2/myagv_ws_proto/src/build/myagv_communication/build --no-deps symlink_data
