-- Found ament_cmake: 1.3.9 (/opt/ros/humble/share/ament_cmake/cmake)
-- Override CMake install command with custom implementation using symlinks instead of copying resources
-- Configuring done
-- Generating done
-- Build files have been written to: /home/agv2/myagv_ws_proto/src/build/myagv_description
-- Install configuration: ""
-- Execute custom install script
-- Up-to-date symlink: /home/agv2/myagv_ws_proto/src/install/myagv_description/share/myagv_description/urdf/agv.urdf
-- Up-to-date symlink: /home/agv2/myagv_ws_proto/src/install/myagv_description/share/myagv_description/launch/tf_launch.py
-- Up-to-date symlink: /home/agv2/myagv_ws_proto/src/install/myagv_description/share/ament_index/resource_index/package_run_dependencies/myagv_description
-- Up-to-date symlink: /home/agv2/myagv_ws_proto/src/install/myagv_description/share/ament_index/resource_index/parent_prefix_path/myagv_description
-- Up-to-date symlink: /home/agv2/myagv_ws_proto/src/install/myagv_description/share/myagv_description/environment/ament_prefix_path.sh
-- Up-to-date symlink: /home/agv2/myagv_ws_proto/src/install/myagv_description/share/myagv_description/environment/ament_prefix_path.dsv
-- Up-to-date symlink: /home/agv2/myagv_ws_proto/src/install/myagv_description/share/myagv_description/environment/path.sh
-- Up-to-date symlink: /home/agv2/myagv_ws_proto/src/install/myagv_description/share/myagv_description/environment/path.dsv
-- Up-to-date symlink: /home/agv2/myagv_ws_proto/src/install/myagv_description/share/myagv_description/local_setup.bash
-- Up-to-date symlink: /home/agv2/myagv_ws_proto/src/install/myagv_description/share/myagv_description/local_setup.sh
-- Up-to-date symlink: /home/agv2/myagv_ws_proto/src/install/myagv_description/share/myagv_description/local_setup.zsh
-- Up-to-date symlink: /home/agv2/myagv_ws_proto/src/install/myagv_description/share/myagv_description/local_setup.dsv
-- Symlinking: /home/agv2/myagv_ws_proto/src/install/myagv_description/share/myagv_description/package.dsv
-- Up-to-date symlink: /home/agv2/myagv_ws_proto/src/install/myagv_description/share/ament_index/resource_index/packages/myagv_description
-- Up-to-date symlink: /home/agv2/myagv_ws_proto/src/install/myagv_description/share/myagv_description/cmake/myagv_descriptionConfig.cmake
-- Up-to-date symlink: /home/agv2/myagv_ws_proto/src/install/myagv_description/share/myagv_description/cmake/myagv_descriptionConfig-version.cmake
-- Up-to-date symlink: /home/agv2/myagv_ws_proto/src/install/myagv_description/share/myagv_description/package.xml
