[7.346s] Invoking command in '/home/agv2/myagv_ws_proto/src/build/myagv_joy': PYTHONPATH=/home/agv2/myagv_ws_proto/src/build/myagv_joy/prefix_override:/usr/lib/python3/dist-packages/colcon_core/task/python/colcon_distutils_commands:/home/agv2/myagv_ws_proto/src/install/myagv_joy/lib/python3.10/site-packages:${PYTHONPATH} /usr/bin/python3 -W ignore:setup.py install is deprecated setup.py develop --editable --build-directory /home/agv2/myagv_ws_proto/src/build/myagv_joy/build --no-deps symlink_data
[11.233s] running develop
[12.640s] running egg_info
[12.641s] creating myagv_joy.egg-info
[12.642s] writing myagv_joy.egg-info/PKG-INFO
[12.643s] writing dependency_links to myagv_joy.egg-info/dependency_links.txt
[12.644s] writing entry points to myagv_joy.egg-info/entry_points.txt
[12.645s] writing requirements to myagv_joy.egg-info/requires.txt
[12.646s] writing top-level names to myagv_joy.egg-info/top_level.txt
[12.648s] writing manifest file 'myagv_joy.egg-info/SOURCES.txt'
[12.656s] reading manifest file 'myagv_joy.egg-info/SOURCES.txt'
[12.659s] writing manifest file 'myagv_joy.egg-info/SOURCES.txt'
[12.667s] running build_ext
[12.668s] Creating /home/agv2/myagv_ws_proto/src/install/myagv_joy/lib/python3.10/site-packages/myagv-joy.egg-link (link to .)
[12.672s] Installing teleop_twist_joy_node script to /home/agv2/myagv_ws_proto/src/install/myagv_joy/lib/myagv_joy
[12.675s] 
[12.676s] Installed /home/agv2/myagv_ws_proto/src/build/myagv_joy
[12.678s] running symlink_data
[12.678s] creating /home/agv2/myagv_ws_proto/src/install/myagv_joy/share/ament_index
[12.679s] creating /home/agv2/myagv_ws_proto/src/install/myagv_joy/share/ament_index/resource_index
[12.681s] creating /home/agv2/myagv_ws_proto/src/install/myagv_joy/share/ament_index/resource_index/packages
[12.682s] symbolically linking /home/agv2/myagv_ws_proto/src/build/myagv_joy/resource/myagv_joy -> /home/agv2/myagv_ws_proto/src/install/myagv_joy/share/ament_index/resource_index/packages
[12.685s] symbolically linking /home/agv2/myagv_ws_proto/src/build/myagv_joy/package.xml -> /home/agv2/myagv_ws_proto/src/install/myagv_joy/share/myagv_joy
[12.686s] creating /home/agv2/myagv_ws_proto/src/install/myagv_joy/share/myagv_joy/launch
[12.688s] symbolically linking /home/agv2/myagv_ws_proto/src/build/myagv_joy/launch/myagv_joy.launch.py -> /home/agv2/myagv_ws_proto/src/install/myagv_joy/share/myagv_joy/launch
