[4.214s] Invoking command in '/home/agv2/myagv_ws_proto/src/build/myagv_description': CMAKE_PREFIX_PATH=/opt/ros/humble /usr/bin/cmake /home/agv2/myagv_ws_proto/src/myagv_description -DAMENT_CMAKE_SYMLINK_INSTALL=1 -DCMAKE_INSTALL_PREFIX=/home/agv2/myagv_ws_proto/src/install/myagv_description
[4.611s] -- The C compiler identification is GNU 11.4.0
[5.083s] -- The CXX compiler identification is GNU 11.4.0
[5.131s] -- Detecting C compiler ABI info
[6.073s] -- Detecting C compiler ABI info - done
[6.150s] -- Check for working C compiler: /usr/bin/cc - skipped
[6.152s] -- Detecting C compile features
[6.153s] -- Detecting C compile features - done
[6.194s] -- Detecting CXX compiler ABI info
[6.900s] -- Detecting CXX compiler ABI info - done
[6.935s] -- Check for working CXX compiler: /usr/bin/c++ - skipped
[6.937s] -- Detecting CXX compile features
[6.940s] -- Detecting CXX compile features - done
[6.969s] -- Found ament_cmake: 1.3.9 (/opt/ros/humble/share/ament_cmake/cmake)
[9.099s] -- Found Python3: /usr/bin/python3 (found version "3.10.12") found components: Interpreter 
[9.683s] -- Override CMake install command with custom implementation using symlinks instead of copying resources
[11.353s] -- Configuring done
[11.373s] -- Generating done
[11.391s] -- Build files have been written to: /home/agv2/myagv_ws_proto/src/build/myagv_description
[11.417s] Invoked command in '/home/agv2/myagv_ws_proto/src/build/myagv_description' returned '0': CMAKE_PREFIX_PATH=/opt/ros/humble /usr/bin/cmake /home/agv2/myagv_ws_proto/src/myagv_description -DAMENT_CMAKE_SYMLINK_INSTALL=1 -DCMAKE_INSTALL_PREFIX=/home/agv2/myagv_ws_proto/src/install/myagv_description
[11.419s] Invoking command in '/home/agv2/myagv_ws_proto/src/build/myagv_description': CMAKE_PREFIX_PATH=/opt/ros/humble /usr/bin/cmake --build /home/agv2/myagv_ws_proto/src/build/myagv_description -- -j4 -l4
[11.745s] Invoked command in '/home/agv2/myagv_ws_proto/src/build/myagv_description' returned '0': CMAKE_PREFIX_PATH=/opt/ros/humble /usr/bin/cmake --build /home/agv2/myagv_ws_proto/src/build/myagv_description -- -j4 -l4
[12.191s] Invoking command in '/home/agv2/myagv_ws_proto/src/build/myagv_description': CMAKE_PREFIX_PATH=/opt/ros/humble /usr/bin/cmake --install /home/agv2/myagv_ws_proto/src/build/myagv_description
[12.303s] -- Install configuration: ""
[12.310s] -- Execute custom install script
[12.315s] -- Symlinking: /home/agv2/myagv_ws_proto/src/install/myagv_description/share/myagv_description/urdf/agv.urdf
[12.448s] -- Symlinking: /home/agv2/myagv_ws_proto/src/install/myagv_description/share/myagv_description/launch/tf_launch.py
[12.532s] -- Symlinking: /home/agv2/myagv_ws_proto/src/install/myagv_description/share/ament_index/resource_index/package_run_dependencies/myagv_description
[12.611s] -- Symlinking: /home/agv2/myagv_ws_proto/src/install/myagv_description/share/ament_index/resource_index/parent_prefix_path/myagv_description
[12.700s] -- Symlinking: /home/agv2/myagv_ws_proto/src/install/myagv_description/share/myagv_description/environment/ament_prefix_path.sh
[12.795s] -- Symlinking: /home/agv2/myagv_ws_proto/src/install/myagv_description/share/myagv_description/environment/ament_prefix_path.dsv
[12.871s] -- Symlinking: /home/agv2/myagv_ws_proto/src/install/myagv_description/share/myagv_description/environment/path.sh
[12.982s] -- Symlinking: /home/agv2/myagv_ws_proto/src/install/myagv_description/share/myagv_description/environment/path.dsv
[13.030s] -- Symlinking: /home/agv2/myagv_ws_proto/src/install/myagv_description/share/myagv_description/local_setup.bash
[13.175s] -- Symlinking: /home/agv2/myagv_ws_proto/src/install/myagv_description/share/myagv_description/local_setup.sh
[13.270s] -- Symlinking: /home/agv2/myagv_ws_proto/src/install/myagv_description/share/myagv_description/local_setup.zsh
[13.402s] -- Symlinking: /home/agv2/myagv_ws_proto/src/install/myagv_description/share/myagv_description/local_setup.dsv
[13.567s] -- Symlinking: /home/agv2/myagv_ws_proto/src/install/myagv_description/share/myagv_description/package.dsv
[13.655s] -- Symlinking: /home/agv2/myagv_ws_proto/src/install/myagv_description/share/ament_index/resource_index/packages/myagv_description
[13.783s] -- Symlinking: /home/agv2/myagv_ws_proto/src/install/myagv_description/share/myagv_description/cmake/myagv_descriptionConfig.cmake
[13.892s] -- Symlinking: /home/agv2/myagv_ws_proto/src/install/myagv_description/share/myagv_description/cmake/myagv_descriptionConfig-version.cmake
[14.005s] -- Symlinking: /home/agv2/myagv_ws_proto/src/install/myagv_description/share/myagv_description/package.xml
[14.160s] Invoked command in '/home/agv2/myagv_ws_proto/src/build/myagv_description' returned '0': CMAKE_PREFIX_PATH=/opt/ros/humble /usr/bin/cmake --install /home/agv2/myagv_ws_proto/src/build/myagv_description
